<?xml version="1.0" encoding="UTF-8"?>
<testng-results ignored="0" total="11" passed="11" failed="0" skipped="0">
  <reporter-output>
  </reporter-output>
  <suite started-at="2023-03-30T21:32:21Z" name="Surefire suite" finished-at="2023-03-30T21:34:47Z" duration-ms="146291">
    <groups>
      <group name="cucumber">
        <method signature="AbstractTestNGCucumberTests.runScenario(io.cucumber.testng.PickleWrapper, io.cucumber.testng.FeatureWrapper)[pri:0, instance:org.example.testRunner.Runners@429bd883]" name="runScenario" class="io.cucumber.testng.AbstractTestNGCucumberTests"/>
      </group> <!-- cucumber -->
    </groups>
    <test started-at="2023-03-30T21:32:21Z" name="Surefire test" finished-at="2023-03-30T21:34:47Z" duration-ms="146291">
      <class name="org.example.testRunner.Runners">
        <test-method is-config="true" signature="setUpClass(org.testng.ITestContext)[pri:0, instance:org.example.testRunner.Runners@429bd883]" started-at="2023-03-30T21:32:21Z" name="setUpClass" finished-at="2023-03-30T21:32:22Z" duration-ms="1061" status="PASS">
          <params>
            <param index="0">
              <value>
                <![CDATA[org.testng.TestRunner@5178345d]]>
              </value>
            </param>
          </params>
          <reporter-output>
          </reporter-output>
        </test-method> <!-- setUpClass -->
        <test-method signature="runScenario(io.cucumber.testng.PickleWrapper, io.cucumber.testng.FeatureWrapper)[pri:0, instance:org.example.testRunner.Runners@429bd883]" started-at="2023-03-30T21:32:22Z" name="runScenario" description="Runs Cucumber Scenarios" data-provider="scenarios" finished-at="2023-03-30T21:32:35Z" duration-ms="13035" status="PASS">
          <params>
            <param index="0">
              <value>
                <![CDATA["guest user could register with valid data successfully"]]>
              </value>
            </param>
            <param index="1">
              <value>
                <![CDATA["F01_Register | users could register with new accounts"]]>
              </value>
            </param>
          </params>
          <reporter-output>
          </reporter-output>
        </test-method> <!-- runScenario -->
        <test-method signature="runScenario(io.cucumber.testng.PickleWrapper, io.cucumber.testng.FeatureWrapper)[pri:0, instance:org.example.testRunner.Runners@429bd883]" started-at="2023-03-30T21:32:35Z" name="runScenario" description="Runs Cucumber Scenarios" data-provider="scenarios" finished-at="2023-03-30T21:32:45Z" duration-ms="10450" status="PASS">
          <params>
            <param index="0">
              <value>
                <![CDATA["guest user could login with valid data successfully"]]>
              </value>
            </param>
            <param index="1">
              <value>
                <![CDATA["F02_Login | users could login with authorised accounts"]]>
              </value>
            </param>
          </params>
          <reporter-output>
          </reporter-output>
        </test-method> <!-- runScenario -->
        <test-method signature="runScenario(io.cucumber.testng.PickleWrapper, io.cucumber.testng.FeatureWrapper)[pri:0, instance:org.example.testRunner.Runners@429bd883]" started-at="2023-03-30T21:32:45Z" name="runScenario" description="Runs Cucumber Scenarios" data-provider="scenarios" finished-at="2023-03-30T21:32:53Z" duration-ms="8166" status="PASS">
          <params>
            <param index="0">
              <value>
                <![CDATA["guest user couldn't login with invalid data"]]>
              </value>
            </param>
            <param index="1">
              <value>
                <![CDATA["F02_Login | users could login with authorised accounts"]]>
              </value>
            </param>
          </params>
          <reporter-output>
          </reporter-output>
        </test-method> <!-- runScenario -->
        <test-method signature="runScenario(io.cucumber.testng.PickleWrapper, io.cucumber.testng.FeatureWrapper)[pri:0, instance:org.example.testRunner.Runners@429bd883]" started-at="2023-03-30T21:32:53Z" name="runScenario" description="Runs Cucumber Scenarios" data-provider="scenarios" finished-at="2023-03-30T21:33:03Z" duration-ms="10127" status="PASS">
          <params>
            <param index="0">
              <value>
                <![CDATA["guest user could change the currency"]]>
              </value>
            </param>
            <param index="1">
              <value>
                <![CDATA["F03_currencies | users could change the currency"]]>
              </value>
            </param>
          </params>
          <reporter-output>
          </reporter-output>
        </test-method> <!-- runScenario -->
        <test-method signature="runScenario(io.cucumber.testng.PickleWrapper, io.cucumber.testng.FeatureWrapper)[pri:0, instance:org.example.testRunner.Runners@429bd883]" started-at="2023-03-30T21:33:03Z" name="runScenario" description="Runs Cucumber Scenarios" data-provider="scenarios" finished-at="2023-03-30T21:33:13Z" duration-ms="9951" status="PASS">
          <params>
            <param index="0">
              <value>
                <![CDATA["guest user could search using product name"]]>
              </value>
            </param>
            <param index="1">
              <value>
                <![CDATA["F04_Search | user could search using product name"]]>
              </value>
            </param>
          </params>
          <reporter-output>
          </reporter-output>
        </test-method> <!-- runScenario -->
        <test-method signature="runScenario(io.cucumber.testng.PickleWrapper, io.cucumber.testng.FeatureWrapper)[pri:0, instance:org.example.testRunner.Runners@429bd883]" started-at="2023-03-30T21:33:13Z" name="runScenario" description="Runs Cucumber Scenarios" data-provider="scenarios" finished-at="2023-03-30T21:33:32Z" duration-ms="19000" status="PASS">
          <params>
            <param index="0">
              <value>
                <![CDATA["guest user could search using product name"]]>
              </value>
            </param>
            <param index="1">
              <value>
                <![CDATA["F04_Search | user could search using product name"]]>
              </value>
            </param>
          </params>
          <reporter-output>
          </reporter-output>
        </test-method> <!-- runScenario -->
        <test-method signature="runScenario(io.cucumber.testng.PickleWrapper, io.cucumber.testng.FeatureWrapper)[pri:0, instance:org.example.testRunner.Runners@429bd883]" started-at="2023-03-30T21:33:32Z" name="runScenario" description="Runs Cucumber Scenarios" data-provider="scenarios" finished-at="2023-03-30T21:33:48Z" duration-ms="15701" status="PASS">
          <params>
            <param index="0">
              <value>
                <![CDATA["guest user could search using product name"]]>
              </value>
            </param>
            <param index="1">
              <value>
                <![CDATA["F04_Search | user could search using product name"]]>
              </value>
            </param>
          </params>
          <reporter-output>
          </reporter-output>
        </test-method> <!-- runScenario -->
        <test-method signature="runScenario(io.cucumber.testng.PickleWrapper, io.cucumber.testng.FeatureWrapper)[pri:0, instance:org.example.testRunner.Runners@429bd883]" started-at="2023-03-30T21:33:48Z" name="runScenario" description="Runs Cucumber Scenarios" data-provider="scenarios" finished-at="2023-03-30T21:34:06Z" duration-ms="18218" status="PASS">
          <params>
            <param index="0">
              <value>
                <![CDATA["guest user could search for product using sku"]]>
              </value>
            </param>
            <param index="1">
              <value>
                <![CDATA["F04_Search | user could search using product name"]]>
              </value>
            </param>
          </params>
          <reporter-output>
          </reporter-output>
        </test-method> <!-- runScenario -->
        <test-method signature="runScenario(io.cucumber.testng.PickleWrapper, io.cucumber.testng.FeatureWrapper)[pri:0, instance:org.example.testRunner.Runners@429bd883]" started-at="2023-03-30T21:34:06Z" name="runScenario" description="Runs Cucumber Scenarios" data-provider="scenarios" finished-at="2023-03-30T21:34:20Z" duration-ms="13550" status="PASS">
          <params>
            <param index="0">
              <value>
                <![CDATA["guest user could search for product using sku"]]>
              </value>
            </param>
            <param index="1">
              <value>
                <![CDATA["F04_Search | user could search using product name"]]>
              </value>
            </param>
          </params>
          <reporter-output>
          </reporter-output>
        </test-method> <!-- runScenario -->
        <test-method signature="runScenario(io.cucumber.testng.PickleWrapper, io.cucumber.testng.FeatureWrapper)[pri:0, instance:org.example.testRunner.Runners@429bd883]" started-at="2023-03-30T21:34:20Z" name="runScenario" description="Runs Cucumber Scenarios" data-provider="scenarios" finished-at="2023-03-30T21:34:35Z" duration-ms="15186" status="PASS">
          <params>
            <param index="0">
              <value>
                <![CDATA["guest user could search for product using sku"]]>
              </value>
            </param>
            <param index="1">
              <value>
                <![CDATA["F04_Search | user could search using product name"]]>
              </value>
            </param>
          </params>
          <reporter-output>
          </reporter-output>
        </test-method> <!-- runScenario -->
        <test-method signature="runScenario(io.cucumber.testng.PickleWrapper, io.cucumber.testng.FeatureWrapper)[pri:0, instance:org.example.testRunner.Runners@429bd883]" started-at="2023-03-30T21:34:35Z" name="runScenario" description="Runs Cucumber Scenarios" data-provider="scenarios" finished-at="2023-03-30T21:34:47Z" duration-ms="11662" status="PASS">
          <params>
            <param index="0">
              <value>
                <![CDATA["guest user could search using product name"]]>
              </value>
            </param>
            <param index="1">
              <value>
                <![CDATA["F05_hoverCategories | user could select from hover category"]]>
              </value>
            </param>
          </params>
          <reporter-output>
          </reporter-output>
        </test-method> <!-- runScenario -->
        <test-method is-config="true" signature="tearDownClass()[pri:0, instance:org.example.testRunner.Runners@429bd883]" started-at="2023-03-30T21:34:47Z" name="tearDownClass" finished-at="2023-03-30T21:34:47Z" duration-ms="143" status="PASS">
          <reporter-output>
          </reporter-output>
        </test-method> <!-- tearDownClass -->
      </class> <!-- org.example.testRunner.Runners -->
    </test> <!-- Surefire test -->
  </suite> <!-- Surefire suite -->
</testng-results>
